nohup: ignoring input
begin to read data
Data Loading with 9.238 s
===========================================================================
Layer (type:depth-idx)                             Param #
===========================================================================
deeponet                                           --
├─FNN: 1-1                                         --
│    └─Tanh: 2-1                                   --
│    └─KAN: 2-2                                    --
│    │    └─GELU: 3-1                              --
│    │    └─ParameterList: 3-2                     1,049,088
│    │    └─ParameterList: 3-3                     8,392,704
│    │    └─ModuleList: 3-4                        8,704
│    │    └─ModuleList: 3-5                        2
├─FNO2d: 1-2                                       --
│    └─GELU: 2-3                                   --
│    └─Linear: 2-4                                 64
│    └─ModuleList: 2-5                             --
│    │    └─SpectralConv2d: 3-6                    663,552
│    │    └─SpectralConv2d: 3-7                    663,552
│    │    └─SpectralConv2d: 3-8                    663,552
│    └─ModuleList: 2-6                             --
│    │    └─KANConv2DLayer: 3-9                    9,217
│    │    └─KANConv2DLayer: 3-10                   9,217
│    │    └─KANConv2DLayer: 3-11                   9,217
│    └─Linear: 2-7                                 4,224
│    └─Linear: 2-8                                 516
===========================================================================
Total params: 11,473,609
Trainable params: 11,473,609
Non-trainable params: 0
===========================================================================
Training...
0 499.0824200678617 2.2139042602539063 0.07581870786348979
1 498.60709602199495 0.3882564875920614 0.05475645089149475
2 498.15463904105127 0.2662306149164836 0.03780569350719452
3 497.4206347037107 0.20401473700205486 0.03160561235745748
4 497.37990822829306 0.17211790444056194 0.02779553711414337
5 498.67814313806593 0.15278063837687175 0.0251192977031072
6 499.1063865683973 0.1378804703394572 0.022770156105359395
7 498.0892844684422 0.12518938070933025 0.02121850468715032
8 498.3427836485207 0.1163442100207011 0.01994142282009125
9 497.9878557678312 0.10966631234486898 0.019139254808425904
10 497.6781321596354 0.10308990799585978 0.018607416927814483
11 496.57931790687144 0.09730662145614624 0.017116380671660106
12 496.63033012859523 0.09259140030543009 0.016006997068723043
13 497.92983651161194 0.08759633118311565 0.01634586427609126
14 496.96605431474745 0.08289627057711284 0.014770316421985626
15 499.4490777272731 0.07935375521977743 0.01439189891020457
16 499.9141079932451 0.0769494300365448 0.013698290785153706
17 498.5870078075677 0.07287033549944559 0.013059787193934122
18 496.61051227524877 0.07000285625457764 0.012321197350819905
19 496.47781210020185 0.06700862460136414 0.012793708046277365
20 500.1759145502001 0.06541224975585938 0.01165996382633845
21 499.5321905873716 0.06200281602541605 0.011516677180926005
22 499.274079060182 0.060084435415267944 0.011144845724105835
23 496.20042528398335 0.057976981989542646 0.01022525722781817
24 496.7249094862491 0.05790017329851786 0.010465890308221181
25 499.0343260727823 0.05501390438079834 0.010397354523340861
26 498.3385484125465 0.05297741502126058 0.009585009882847467
27 498.1998451054096 0.05184133574167887 0.009753320147593817
28 497.3186154458672 0.05077319889068604 0.009539980878432592
29 496.3834486436099 0.04831800270080566 0.008808577984571457
30 497.84063920378685 0.04692024461428324 0.008958153635263442
31 498.5711272507906 0.04700781160990397 0.008717666735251744
32 498.25465635210276 0.04467609711488088 0.008722089062134425
33 499.0508866365999 0.04361200706164042 0.008420820484558741
34 496.20242579467595 0.04443015489578247 0.008417619317770004
35 495.18714325502515 0.04184400691986084 0.007806921104590098
36 495.9837313592434 0.0411181653102239 0.007973183343807855
37 498.22982060723007 0.040430509877204895 0.00777929084499677
38 498.7423937190324 0.040218958965937295 0.007564184079567591
39 498.4797039143741 0.03888799303372701 0.007855133771896363
40 497.179615624249 0.03748983662128449 0.00734607470035553
41 495.9413702022284 0.03755021916230519 0.007399544586737951
42 497.6914617996663 0.03678169651826223 0.007054897288481394
43 499.6253765821457 0.037130913631121316 0.007123954544464747
44 498.49027361907065 0.03509420183499654 0.0073264286518096924
45 497.5320284962654 0.035422454675038656 0.007144914925098419
46 494.5822499897331 0.03506469727357229 0.007159476091464361
47 494.03868269361556 0.033527932016054786 0.006472591777642568
48 495.19778213463724 0.0334768010298411 0.006780191530783971
49 499.2565558794886 0.03280914454460144 0.006833125601212184
50 497.5408695433289 0.03327144830226898 0.00664428773522377
51 497.7220200635493 0.03212384672164917 0.006505742073059082
52 495.3194962721318 0.032127429580688475 0.006452807327111562
53 495.62186441756785 0.03088403271039327 0.006528430958588918
54 495.9140786137432 0.03072360609372457 0.006528729498386383
55 498.8182014487684 0.029692423343658448 0.006396562069654465
56 499.9506083019078 0.030318383916219077 0.00664749668041865
57 499.26877486519516 0.030749245325724282 0.0062012645204861955
58 497.4925016388297 0.0291580819050471 0.00693794243534406
59 495.6637297589332 0.028863214659690856 0.005838374545176824
60 496.92210407182574 0.028235514688491822 0.0060132462481657665
61 498.6995195634663 0.028928622460365296 0.005752751539150874
62 499.5162632241845 0.02750351792971293 0.005888288567463557
63 498.7667732965201 0.02815380474726359 0.00614642654856046
64 497.1154255811125 0.027811161986986795 0.006052075614531835
65 496.2624653056264 0.02797380674680074 0.005585771754384041
66 496.18589388765395 0.026558070063591004 0.005722439537445704
67 498.57353256829083 0.026661456894874574 0.005697415053844452
68 499.6805825829506 0.026766437307993572 0.0056766491581996285
69 499.1189052313566 0.026005092151959737 0.005786991844574611
70 498.48866704292595 0.026155154450734457 0.005690973882873853
71 496.08910681307316 0.025726229111353555 0.005562252054611842
72 495.6633012890816 0.02543007358709971 0.005561786825458209
73 497.5917939133942 0.025704513510068257 0.0062380658984184266
74 498.7718987390399 0.025851116267840066 0.005724497020244599
75 499.01707783713937 0.02593973917166392 0.0056750235557556155
76 499.24169723689556 0.025053119818369548 0.005386581833163897
77 495.7576697356999 0.02434624482790629 0.0052132257968187335
78 495.55623410642147 0.02491586074034373 0.005433997134367625
79 496.7591494657099 0.023862165371576944 0.005335401187340418
80 498.58518020808697 0.02454464539686839 0.005521357327699661
81 499.40714511089027 0.02392743152777354 0.005101455142100652
82 499.6077197100967 0.02378280267715454 0.005928778330485026
83 498.73410305194557 0.024013750871022543 0.005632025907437006
84 496.97576174885035 0.023642533389727275 0.0050886424978574115
85 497.16288572363555 0.024457648690541584 0.005179671923319498
86 498.6108856406063 0.023579303924242654 0.005093220735589663
87 499.62581425718963 0.022970681766668954 0.005240792776147525
88 499.0194978211075 0.023575717322031658 0.005091768751541773
89 496.00901760160923 0.02239823265473048 0.005184241165717443
90 495.80105711333454 0.022734171704451245 0.004944417392214139
91 497.58384219557047 0.022831634918848674 0.004990310351053874
92 499.1298740617931 0.021862999029954276 0.0050755545794963835
93 498.9441280178726 0.02232409346103668 0.005096310203274091
94 498.56344949267805 0.022851619986693064 0.005073873822887738
95 496.12227488309145 0.02169752926826477 0.005178533971309662
96 496.5390654578805 0.021871561761697134 0.005052966773509979
97 496.3834371883422 0.021866669154167174 0.005259902795155843
98 498.5698264632374 0.02201455513238907 0.00481294484436512
99 498.90200020745397 0.021725466577212017 0.005058443998297055
100 498.98582333512604 0.021732204631964364 0.005214312503735224
101 498.96987147815526/home/fengw666/.conda/envs/torch_radon/lib/python3.7/site-packages/torch/functional.py:504: UserWarning: torch.meshgrid: in an upcoming release, it will be required to pass the indexing argument. (Triggered internally at ../aten/src/ATen/native/TensorShape.cpp:3190.)
  return _VF.meshgrid(tensors, **kwargs)  # type: ignore[attr-defined]
 0.02114649325211843 0.00510573393603166
102 496.1942369248718 0.021404212081432342 0.0048891664246718085
103 495.49700467288494 0.021613755627473197 0.005251338491837183
104 497.91449671052396 0.020860252471764883 0.004788699105381966
105 499.1534445825964 0.020723472297191618 0.00495143111050129
106 498.7728860434145 0.020670490233103436 0.004919403394063313
107 499.3986646682024 0.020233471433321635 0.004708793674906095
108 496.4821855016053 0.021497410893440247 0.004999404072761535
109 496.19832544773817 0.020311137906710307 0.005215515340367953
110 496.6556929256767 0.020552946241696676 0.004923767770330111
111 498.3247344084084 0.020797261488437652 0.005002213090658188
112 498.28620307147503 0.0201339390595754 0.005298527956008911
113 498.6486162953079 0.020361359985669455 0.004947750548521678
114 498.21327279508114 0.02002879227399826 0.00470558417836825
115 495.42623958177865 0.020363923931121825 0.004830214902758598
116 495.92894869856536 0.020026617793242135 0.004589205786585808
117 498.7301329616457 0.020386921175320944 0.004903694296876589
118 499.3331535924226 0.020187121685345966 0.004774633228778839
119 499.74150605499744 0.01894204733769099 0.004908151010672252
120 498.2745935767889 0.019861019452412924 0.00495237131913503
121 495.9321700744331 0.019894707584381104 0.004854170421759288
122 496.6080529913306 0.019602456736564636 0.004547523245215416
123 498.5354594439268 0.01897190930445989 0.004573583533366521
124 498.56756511330605 0.019447387206554412 0.004821793461839358
125 499.17956394702196 0.01971836258172989 0.0044822403391202295
126 499.1252444945276 0.019669351212183633 0.004510802800456683
127 496.25217610411346 0.018416071903705596 0.004832279230157535
128 497.6030921526253 0.0187352188706398 0.005024111260970433
129 498.0270692259073 0.019452880915006 0.0047245243241389595
130 499.53045154362917 0.018675823537508646 0.004612659379839897
131 499.7584305033088 0.01876895230213801 0.004729586909214656
132 496.6852352395654 0.01857497047185898 0.004552011037866274
133 496.6238293480128 0.01847808249394099 0.004659309198458989
134 496.93093620985746 0.01859340527455012 0.004621174489458402
135 499.2236150633544 0.018574345433712006 0.004467456370592118
136 499.4130000472069 0.018185157942771913 0.004722872739036878
137 499.186466826126 0.018289979922771454 0.0044579202085733415
138 495.9783747997135 0.018575129957993826 0.004532345513502757
139 496.5745718907565 0.018672336733341215 0.004536003455519676
140 498.7969055082649 0.01865092223882675 0.004398689319690069
141 499.14443684741855 0.018478486331303914 0.004423579394817352
142 499.40523480437696 0.017703907803694408 0.004477404907345771
143 497.7476626113057 0.01842812832991282 0.004809596543510755
144 496.4331782180816 0.017996028713385265 0.0043768918712933855
145 496.36329590156674 0.017845661683877308 0.0044986688842376076
146 499.49566625244915 0.017881194535891216 0.0044104579637448
147 499.5382552333176 0.01724736261367798 0.004573081582784653
148 498.8085162714124 0.017890094967683158 0.0050143003811438875
149 496.06785200349987 0.018167731149991352 0.004302119900782903
150 495.942908719182 0.01881765140692393 0.004383978461225828
151 498.7631604652852 0.0172092800617218 0.004797387748956681
152 499.8624941613525 0.017165697824954987 0.004392299969991048
153 499.53743027709424 0.017875331175327303 0.00439656645556291
154 497.18139067851007 0.01729921861886978 0.004232825502753257
155 496.5863276626915 0.017654936861991884 0.004259520381689072
156 498.3507483191788 0.017340086472034454 0.00421406900882721
157 498.72292803786695 0.017330775264898936 0.0042743586997191114
158 498.6409236844629 0.017803200042247773 0.004874993811051051
159 498.23185613565147 0.017953996813297273 0.004358092755079269
160 496.4288467243314 0.01705130411783854 0.004588378265500069
161 496.6297132205218 0.01700361273288727 0.004159985284010569
162 498.09977607242763 0.01669531978368759 0.004264754806955655
163 499.0472799409181 0.016775771713256837 0.004258886391917864
164 499.41331448592246 0.01681324294010798 0.004492349669337273
165 497.16825515404344 0.01686033362150192 0.0046976866920789085
166 496.3394992481917 0.017220307000478108 0.004296969378987948
167 498.32375091314316 0.016839380077521008 0.004503598103920619
168 500.5673559848219 0.017424237263202667 0.004445552110671997
169 499.19163529388607 0.01676143559217453 0.004282497783501943
170 497.751053372398 0.017112244673569997 0.004186189830303192
171 495.2811946198344 0.016507659606138866 0.004118025039633115
172 495.8192247636616 0.01603341401020686 0.0043053474426269535
173 498.95276961289346 0.016406746474901836 0.004357418487469355
174 498.65278782881796 0.016123680031299593 0.004210003569722175
175 499.6320589352399 0.01674565179347992 0.0042418962021668755
176 496.98957635834813 0.016410599541664125 0.004327948028842608
177 496.5059627536684 0.016384566581249236 0.004199604392051697
178 497.9392111003399 0.01664694668849309 0.00443096270163854
179 499.7741344794631 0.01693208372592926 0.004423348824183146
180 499.4511686600745 0.016329070933659873 0.004292329385876655
181 497.7118866611272 0.01632477275133133 0.004044229333599408
182 496.01802717521787 0.01604490154584249 0.00416434304912885
183 495.90893898531795 0.01682033245563507 0.004269678473472595
184 499.58262450248003 0.015681136854489644 0.004053655251860619
185 499.8388887960464 0.016069118758042653 0.004280750071009
186 499.49713916890323 0.015951678999265036 0.004160334661602974
187 497.1988728735596 0.01631432471672694 0.004112672691543897
188 496.2914590239525 0.015826997923851012 0.004270269115765889
189 497.6677560508251 0.016649930961926778 0.004231038401524226
190 498.8404693044722 0.015945679477850597 0.00399798221886158
191 499.6431420482695 0.016583928835392 0.0043482507069905595
192 498.546142578125 0.015481654365857443 0.004203596090277036
193 495.50730555318296 0.015896044433116912 0.004355603938301404
194 496.20424396544695 0.01637069514989853 0.004093236689766248
195 498.65111636184156 0.015554186642169952 0.00399813744922479
196 498.5482763405889 0.015540834677219392 0.0040359277129173275
197 498.96842038445175 0.01577383184035619 0.0040103432536125186
198 495.909731451422 0.015769233934084574 0.003942071760694186
199 495.81107401661575 0.015582390689849854 0.004101365024844805
Training Time:99577.815s
